<?xml version="1.0" encoding="UTF-8"?>
<!-- Generated by org.testng.reporters.JUnitXMLReporter -->
<testsuite hostname="DESKTOP-O2MOUCQ" ignored="0" name="Test1" tests="9" failures="0" timestamp="24 Apr 2021 06:57:33 GMT" time="0.125" errors="0">
  <testcase name="tc31" time="0.0" classname="org.thread.Sample2"/>
  <testcase name="tc10" time="0.0" classname="org.thread.Sample"/>
  <testcase name="tc41" time="0.0" classname="org.thread.Sample3"/>
  <testcase name="tc11" time="0.0" classname="org.thread.Sample"/>
  <testcase name="tc32" time="0.0" classname="org.thread.Sample2"/>
  <testcase name="tc12" time="0.0" classname="org.thread.Sample"/>
  <testcase name="tc42" time="0.0" classname="org.thread.Sample3"/>
  <testcase name="tc43" time="0.0" classname="org.thread.Sample3"/>
  <testcase name="tc33" time="0.047" classname="org.thread.Sample2"/>
</testsuite> <!-- Test1 -->
