<?xml version="1.0" encoding="UTF-8"?>
<testng-results skipped="0" failed="0" ignored="0" total="27" passed="27">
  <reporter-output>
  </reporter-output>
  <suite name="Suite" duration-ms="858" started-at="2021-04-24T06:57:33Z" finished-at="2021-04-24T06:57:33Z">
    <groups>
    </groups>
    <test name="Test" duration-ms="374" started-at="2021-04-24T06:57:33Z" finished-at="2021-04-24T06:57:33Z">
      <class name="org.thread.Sample2">
        <test-method status="PASS" signature="tc31()[pri:0, instance:org.thread.Sample2@29ee9faa]" name="tc31" duration-ms="77" started-at="2021-04-24T06:57:33Z" finished-at="2021-04-24T06:57:33Z">
          <reporter-output>
          </reporter-output>
        </test-method> <!-- tc31 -->
        <test-method status="PASS" signature="tc32()[pri:0, instance:org.thread.Sample2@29ee9faa]" name="tc32" duration-ms="46" started-at="2021-04-24T06:57:33Z" finished-at="2021-04-24T06:57:33Z">
          <reporter-output>
          </reporter-output>
        </test-method> <!-- tc32 -->
        <test-method status="PASS" signature="tc33()[pri:0, instance:org.thread.Sample2@29ee9faa]" name="tc33" duration-ms="16" started-at="2021-04-24T06:57:33Z" finished-at="2021-04-24T06:57:33Z">
          <reporter-output>
          </reporter-output>
        </test-method> <!-- tc33 -->
      </class> <!-- org.thread.Sample2 -->
      <class name="org.thread.Sample3">
        <test-method status="PASS" signature="tc41()[pri:0, instance:org.thread.Sample3@6767c1fc]" name="tc41" duration-ms="62" started-at="2021-04-24T06:57:33Z" finished-at="2021-04-24T06:57:33Z">
          <reporter-output>
          </reporter-output>
        </test-method> <!-- tc41 -->
        <test-method status="PASS" signature="tc42()[pri:0, instance:org.thread.Sample3@6767c1fc]" name="tc42" duration-ms="16" started-at="2021-04-24T06:57:33Z" finished-at="2021-04-24T06:57:33Z">
          <reporter-output>
          </reporter-output>
        </test-method> <!-- tc42 -->
        <test-method status="PASS" signature="tc43()[pri:0, instance:org.thread.Sample3@6767c1fc]" name="tc43" duration-ms="16" started-at="2021-04-24T06:57:33Z" finished-at="2021-04-24T06:57:33Z">
          <reporter-output>
          </reporter-output>
        </test-method> <!-- tc43 -->
      </class> <!-- org.thread.Sample3 -->
      <class name="org.thread.Sample">
        <test-method status="PASS" signature="tc10()[pri:0, instance:org.thread.Sample@4678c730]" name="tc10" duration-ms="77" started-at="2021-04-24T06:57:33Z" finished-at="2021-04-24T06:57:33Z">
          <reporter-output>
          </reporter-output>
        </test-method> <!-- tc10 -->
        <test-method status="PASS" signature="tc11()[pri:0, instance:org.thread.Sample@4678c730]" name="tc11" duration-ms="31" started-at="2021-04-24T06:57:33Z" finished-at="2021-04-24T06:57:33Z">
          <reporter-output>
          </reporter-output>
        </test-method> <!-- tc11 -->
        <test-method status="PASS" signature="tc12()[pri:0, instance:org.thread.Sample@4678c730]" name="tc12" duration-ms="16" started-at="2021-04-24T06:57:33Z" finished-at="2021-04-24T06:57:33Z">
          <reporter-output>
          </reporter-output>
        </test-method> <!-- tc12 -->
      </class> <!-- org.thread.Sample -->
    </test> <!-- Test -->
    <test name="Test1" duration-ms="125" started-at="2021-04-24T06:57:33Z" finished-at="2021-04-24T06:57:33Z">
      <class name="org.thread.Sample2">
        <test-method status="PASS" signature="tc31()[pri:0, instance:org.thread.Sample2@685cb137]" name="tc31" duration-ms="0" started-at="2021-04-24T06:57:33Z" finished-at="2021-04-24T06:57:33Z">
          <reporter-output>
          </reporter-output>
        </test-method> <!-- tc31 -->
        <test-method status="PASS" signature="tc32()[pri:0, instance:org.thread.Sample2@685cb137]" name="tc32" duration-ms="0" started-at="2021-04-24T06:57:33Z" finished-at="2021-04-24T06:57:33Z">
          <reporter-output>
          </reporter-output>
        </test-method> <!-- tc32 -->
        <test-method status="PASS" signature="tc33()[pri:0, instance:org.thread.Sample2@685cb137]" name="tc33" duration-ms="47" started-at="2021-04-24T06:57:33Z" finished-at="2021-04-24T06:57:33Z">
          <reporter-output>
          </reporter-output>
        </test-method> <!-- tc33 -->
      </class> <!-- org.thread.Sample2 -->
      <class name="org.thread.Sample3">
        <test-method status="PASS" signature="tc41()[pri:0, instance:org.thread.Sample3@6a4f787b]" name="tc41" duration-ms="0" started-at="2021-04-24T06:57:33Z" finished-at="2021-04-24T06:57:33Z">
          <reporter-output>
          </reporter-output>
        </test-method> <!-- tc41 -->
        <test-method status="PASS" signature="tc42()[pri:0, instance:org.thread.Sample3@6a4f787b]" name="tc42" duration-ms="0" started-at="2021-04-24T06:57:33Z" finished-at="2021-04-24T06:57:33Z">
          <reporter-output>
          </reporter-output>
        </test-method> <!-- tc42 -->
        <test-method status="PASS" signature="tc43()[pri:0, instance:org.thread.Sample3@6a4f787b]" name="tc43" duration-ms="0" started-at="2021-04-24T06:57:33Z" finished-at="2021-04-24T06:57:33Z">
          <reporter-output>
          </reporter-output>
        </test-method> <!-- tc43 -->
      </class> <!-- org.thread.Sample3 -->
      <class name="org.thread.Sample">
        <test-method status="PASS" signature="tc10()[pri:0, instance:org.thread.Sample@604ed9f0]" name="tc10" duration-ms="0" started-at="2021-04-24T06:57:33Z" finished-at="2021-04-24T06:57:33Z">
          <reporter-output>
          </reporter-output>
        </test-method> <!-- tc10 -->
        <test-method status="PASS" signature="tc11()[pri:0, instance:org.thread.Sample@604ed9f0]" name="tc11" duration-ms="0" started-at="2021-04-24T06:57:33Z" finished-at="2021-04-24T06:57:33Z">
          <reporter-output>
          </reporter-output>
        </test-method> <!-- tc11 -->
        <test-method status="PASS" signature="tc12()[pri:0, instance:org.thread.Sample@604ed9f0]" name="tc12" duration-ms="0" started-at="2021-04-24T06:57:33Z" finished-at="2021-04-24T06:57:33Z">
          <reporter-output>
          </reporter-output>
        </test-method> <!-- tc12 -->
      </class> <!-- org.thread.Sample -->
    </test> <!-- Test1 -->
    <test name="Test2" duration-ms="187" started-at="2021-04-24T06:57:33Z" finished-at="2021-04-24T06:57:33Z">
      <class name="org.thread.Sample2">
        <test-method status="PASS" signature="tc31()[pri:0, instance:org.thread.Sample2@1794d431]" name="tc31" duration-ms="15" started-at="2021-04-24T06:57:33Z" finished-at="2021-04-24T06:57:33Z">
          <reporter-output>
          </reporter-output>
        </test-method> <!-- tc31 -->
        <test-method status="PASS" signature="tc32()[pri:0, instance:org.thread.Sample2@1794d431]" name="tc32" duration-ms="0" started-at="2021-04-24T06:57:33Z" finished-at="2021-04-24T06:57:33Z">
          <reporter-output>
          </reporter-output>
        </test-method> <!-- tc32 -->
        <test-method status="PASS" signature="tc33()[pri:0, instance:org.thread.Sample2@1794d431]" name="tc33" duration-ms="0" started-at="2021-04-24T06:57:33Z" finished-at="2021-04-24T06:57:33Z">
          <reporter-output>
          </reporter-output>
        </test-method> <!-- tc33 -->
      </class> <!-- org.thread.Sample2 -->
      <class name="org.thread.Sample3">
        <test-method status="PASS" signature="tc41()[pri:0, instance:org.thread.Sample3@39c0f4a]" name="tc41" duration-ms="63" started-at="2021-04-24T06:57:33Z" finished-at="2021-04-24T06:57:33Z">
          <reporter-output>
          </reporter-output>
        </test-method> <!-- tc41 -->
        <test-method status="PASS" signature="tc42()[pri:0, instance:org.thread.Sample3@39c0f4a]" name="tc42" duration-ms="0" started-at="2021-04-24T06:57:33Z" finished-at="2021-04-24T06:57:33Z">
          <reporter-output>
          </reporter-output>
        </test-method> <!-- tc42 -->
        <test-method status="PASS" signature="tc43()[pri:0, instance:org.thread.Sample3@39c0f4a]" name="tc43" duration-ms="0" started-at="2021-04-24T06:57:33Z" finished-at="2021-04-24T06:57:33Z">
          <reporter-output>
          </reporter-output>
        </test-method> <!-- tc43 -->
      </class> <!-- org.thread.Sample3 -->
      <class name="org.thread.Sample">
        <test-method status="PASS" signature="tc10()[pri:0, instance:org.thread.Sample@7d9d1a19]" name="tc10" duration-ms="32" started-at="2021-04-24T06:57:33Z" finished-at="2021-04-24T06:57:33Z">
          <reporter-output>
          </reporter-output>
        </test-method> <!-- tc10 -->
        <test-method status="PASS" signature="tc11()[pri:0, instance:org.thread.Sample@7d9d1a19]" name="tc11" duration-ms="0" started-at="2021-04-24T06:57:33Z" finished-at="2021-04-24T06:57:33Z">
          <reporter-output>
          </reporter-output>
        </test-method> <!-- tc11 -->
        <test-method status="PASS" signature="tc12()[pri:0, instance:org.thread.Sample@7d9d1a19]" name="tc12" duration-ms="0" started-at="2021-04-24T06:57:33Z" finished-at="2021-04-24T06:57:33Z">
          <reporter-output>
          </reporter-output>
        </test-method> <!-- tc12 -->
      </class> <!-- org.thread.Sample -->
    </test> <!-- Test2 -->
  </suite> <!-- Suite -->
</testng-results>
